

*******************************************************************************
Sun Apr 11 01:03:49 2021


FIT:    data read from file
        format = z
        #datapoints = 100
        residuals are weighted equally (unit weight)

function used for fitting: f
fitted parameters initialized with current variable values

Warning: Initial value of parameter 'phi' is zero.
iter      chisq       delta/lim  lambda   a             b             w             phi          
   0 4.1053367980e+09   0.00e+00  0.00e+00    5.000000e+03   5.000000e+03   2.000000e+01   1.000000e-30
BREAK: Singular matrix in Givens()

*******************************************************************************
Sun Apr 11 01:04:01 2021


FIT:    data read from file
        format = z
        #datapoints = 100
        residuals are weighted equally (unit weight)

function used for fitting: f
fitted parameters initialized with current variable values

iter      chisq       delta/lim  lambda   a             b             w             phi          
   0 4.1053367980e+09   0.00e+00  0.00e+00    5.000000e+03   5.000000e+03   2.000000e+01   1.000000e-01
BREAK: Singular matrix in Givens()

*******************************************************************************
Sun Apr 11 01:04:27 2021


FIT:    data read from file
        format = z
        #datapoints = 100
        residuals are weighted equally (unit weight)

function used for fitting: f
fitted parameters initialized with current variable values

iter      chisq       delta/lim  lambda   a             b             w             phi          
   0 4.1053367980e+09   0.00e+00  0.00e+00    5.000000e+03   5.000000e+03   2.000000e+01   1.000000e-03
BREAK: Singular matrix in Givens()

*******************************************************************************
Sun Apr 11 01:06:09 2021


FIT:    data read from file
        format = z
        #datapoints = 100
        residuals are weighted equally (unit weight)

function used for fitting: f
fitted parameters initialized with current variable values

iter      chisq       delta/lim  lambda   a             b             w             phi          
   0 4.1053367980e+09   0.00e+00  0.00e+00    5.000000e+03   5.000000e+03   2.000000e+01   1.001000e-03
BREAK: Singular matrix in Givens()

*******************************************************************************
Sun Apr 11 01:15:46 2021


FIT:    data read from file
        format = z
        #datapoints = 100
        residuals are weighted equally (unit weight)

function used for fitting: f(x)
	f(x) = a * cos((w*x) / (2*pi) + phi) + b
fitted parameters initialized with current variable values

iter      chisq       delta/lim  lambda   a             b             w             phi          
   0 2.0122715268e+09   0.00e+00  1.18e+05    4.500000e+03   5.500000e+03   2.000000e+01   1.000000e-03
   6 1.0455928856e+09  -1.53e-01  1.18e+03    1.144355e+02   5.530848e+03   1.985768e+01   9.991871e-04

After 6 iterations the fit converged.
final sum of squares of residuals : 1.04559e+09
rel. change during last iteration : -1.52723e-06

degrees of freedom    (FIT_NDF)                        : 96
rms of residuals      (FIT_STDFIT) = sqrt(WSSR/ndf)    : 3300.24
variance of residuals (reduced chisquare) = WSSR/ndf   : 1.08916e+07

Final set of parameters            Asymptotic Standard Error
=======================            ==========================
a               = 114.435          +/- 466.7        (407.8%)
b               = 5530.85          +/- 330.1        (5.969%)
w               = 19.8577          +/- 2.218        (11.17%)
phi             = 0.000999187      +/- 8.174        (8.18e+05%)

correlation matrix of the fit parameters:
                a      b      w      phi    
a               1.000 
b              -0.020  1.000 
w               0.079 -0.019  1.000 
phi            -0.066  0.020 -0.866  1.000 


*******************************************************************************
Sun Apr 11 01:16:41 2021


FIT:    data read from file
        format = z
        #datapoints = 100
        residuals are weighted equally (unit weight)

function used for fitting: f(x)
	f(x) = a * cos((2*pi*x) / w + phi) + b
fitted parameters initialized with current variable values

iter      chisq       delta/lim  lambda   a             b             w             phi          
   0 9.8546654175e+06   0.00e+00  1.19e+04    4.500000e+03   5.500000e+03   2.000000e+01   1.000000e-03
   7 1.6271815609e+05  -1.79e-10  1.19e+08    4.503609e+03   5.374954e+03   1.948874e+01  -1.123361e-01

After 7 iterations the fit converged.
final sum of squares of residuals : 162718
rel. change during last iteration : -1.7886e-15

degrees of freedom    (FIT_NDF)                        : 96
rms of residuals      (FIT_STDFIT) = sqrt(WSSR/ndf)    : 41.1701
variance of residuals (reduced chisquare) = WSSR/ndf   : 1694.98

Final set of parameters            Asymptotic Standard Error
=======================            ==========================
a               = 4503.61          +/- 5.774        (0.1282%)
b               = 5374.95          +/- 4.45         (0.08278%)
w               = 19.4887          +/- 0.007828     (0.04017%)
phi             = -0.112336        +/- 0.002888     (2.571%)

correlation matrix of the fit parameters:
                a      b      w      phi    
a               1.000 
b               0.000  1.000 
w               0.119  0.377  1.000 
phi             0.108  0.336  0.890  1.000 


*******************************************************************************
Sun Apr 11 01:16:50 2021


FIT:    data read from file
        format = z
        #datapoints = 100
        residuals are weighted equally (unit weight)

function used for fitting: f(x)
	f(x) = a * cos((2*pi*x) / w + phi) + b
fitted parameters initialized with current variable values

iter      chisq       delta/lim  lambda   a             b             w             phi          
   0 1.6271815609e+05   0.00e+00  1.19e+04    4.503609e+03   5.374954e+03   1.948874e+01  -1.123361e-01
   1 1.6271815609e+05  -5.90e-10  1.19e+08    4.503609e+03   5.374954e+03   1.948874e+01  -1.123361e-01

After 1 iterations the fit converged.
final sum of squares of residuals : 162718
rel. change during last iteration : -5.90239e-15

degrees of freedom    (FIT_NDF)                        : 96
rms of residuals      (FIT_STDFIT) = sqrt(WSSR/ndf)    : 41.1701
variance of residuals (reduced chisquare) = WSSR/ndf   : 1694.98

Final set of parameters            Asymptotic Standard Error
=======================            ==========================
a               = 4503.61          +/- 5.774        (0.1282%)
b               = 5374.95          +/- 4.45         (0.08278%)
w               = 19.4887          +/- 0.007828     (0.04017%)
phi             = -0.112336        +/- 0.002888     (2.571%)

correlation matrix of the fit parameters:
                a      b      w      phi    
a               1.000 
b               0.000  1.000 
w               0.119  0.377  1.000 
phi             0.108  0.336  0.890  1.000 


*******************************************************************************
Sun Apr 11 01:22:30 2021


FIT:    data read from file
        format = z
        #datapoints = 100
        residuals are weighted equally (unit weight)

function used for fitting: f(x)
	f(x) = a * cos((2*pi*x) / w + phi) + b
fitted parameters initialized with current variable values

iter      chisq       delta/lim  lambda   a             b             w             phi          
   0 1.6017662926e+09   0.00e+00  1.19e+04    4.503609e+03   5.374954e+03   1.948874e+01  -1.123361e-01
   7 1.2708197553e+05  -6.71e-05  1.19e+03    4.431976e+03   5.457238e+03   2.410320e+01  -9.003623e-02

After 7 iterations the fit converged.
final sum of squares of residuals : 127082
rel. change during last iteration : -6.71493e-10

degrees of freedom    (FIT_NDF)                        : 96
rms of residuals      (FIT_STDFIT) = sqrt(WSSR/ndf)    : 36.3837
variance of residuals (reduced chisquare) = WSSR/ndf   : 1323.77

Final set of parameters            Asymptotic Standard Error
=======================            ==========================
a               = 4431.98          +/- 5.05         (0.1139%)
b               = 5457.24          +/- 3.783        (0.06932%)
w               = 24.1032          +/- 0.01035      (0.04295%)
phi             = -0.0900362       +/- 0.002535     (2.816%)

correlation matrix of the fit parameters:
                a      b      w      phi    
a               1.000 
b               0.112  1.000 
w               0.063  0.138  1.000 
phi             0.095  0.227  0.875  1.000 


*******************************************************************************
Sun Apr 11 01:31:11 2021


FIT:    data read from file
        format = z
        #datapoints = 100
        residuals are weighted equally (unit weight)

function used for fitting: f(x)
	f(x) = a * cos((2*pi*x) / w + phi) + b
fitted parameters initialized with current variable values

iter      chisq       delta/lim  lambda   a             b             w             phi          
   0 1.2708197553e+05   0.00e+00  9.37e+03    4.431976e+03   5.457238e+03   2.410320e+01  -9.003623e-02
   1 1.2708197553e+05  -2.31e-07  9.37e+03    4.431976e+03   5.457238e+03   2.410320e+01  -9.003623e-02

After 1 iterations the fit converged.
final sum of squares of residuals : 127082
rel. change during last iteration : -2.30906e-12

degrees of freedom    (FIT_NDF)                        : 96
rms of residuals      (FIT_STDFIT) = sqrt(WSSR/ndf)    : 36.3837
variance of residuals (reduced chisquare) = WSSR/ndf   : 1323.77

Final set of parameters            Asymptotic Standard Error
=======================            ==========================
a               = 4431.98          +/- 5.05         (0.1139%)
b               = 5457.24          +/- 3.783        (0.06932%)
w               = 24.1032          +/- 0.01035      (0.04295%)
phi             = -0.0900362       +/- 0.002535     (2.816%)

correlation matrix of the fit parameters:
                a      b      w      phi    
a               1.000 
b               0.112  1.000 
w               0.063  0.138  1.000 
phi             0.095  0.227  0.875  1.000 


*******************************************************************************
Sun Apr 11 01:32:07 2021


FIT:    data read from file
        format = z
        #datapoints = 100
        residuals are weighted equally (unit weight)

function used for fitting: f(x)
	f(x) = a * cos((2*pi*x) / w + phi) + b
fitted parameters initialized with current variable values

iter      chisq       delta/lim  lambda   a             b             w             phi          
   0 1.5990272072e+09   0.00e+00  9.37e+03    4.431976e+03   5.457238e+03   2.410320e+01  -9.003623e-02
   7 1.6271819394e+05  -6.29e-02  9.37e-02    4.503611e+03   5.374955e+03   1.948875e+01  -1.123342e-01

After 7 iterations the fit converged.
final sum of squares of residuals : 162718
rel. change during last iteration : -6.28532e-07

degrees of freedom    (FIT_NDF)                        : 96
rms of residuals      (FIT_STDFIT) = sqrt(WSSR/ndf)    : 41.1701
variance of residuals (reduced chisquare) = WSSR/ndf   : 1694.98

Final set of parameters            Asymptotic Standard Error
=======================            ==========================
a               = 4503.61          +/- 5.774        (0.1282%)
b               = 5374.95          +/- 4.45         (0.08278%)
w               = 19.4887          +/- 0.007828     (0.04017%)
phi             = -0.112334        +/- 0.002888     (2.571%)

correlation matrix of the fit parameters:
                a      b      w      phi    
a               1.000 
b               0.000  1.000 
w               0.119  0.377  1.000 
phi             0.108  0.336  0.890  1.000 


*******************************************************************************
Sun Apr 11 01:33:17 2021


FIT:    data read from file
        format = z
        #datapoints = 100
        residuals are weighted equally (unit weight)

function used for fitting: f(x)
	f(x) = a * cos((2*pi*x) / w + phi) + b
fitted parameters initialized with current variable values

iter      chisq       delta/lim  lambda   a             b             w             phi          
   0 2.2290986402e+09   0.00e+00  1.19e+04    4.503611e+03   5.374955e+03   1.948875e+01  -1.123342e-01
  27 1.9392606682e+05  -3.44e-04  1.19e+03   -4.258714e+03   5.635322e+03   3.147326e+01   3.071990e+00

After 27 iterations the fit converged.
final sum of squares of residuals : 193926
rel. change during last iteration : -3.44371e-09

degrees of freedom    (FIT_NDF)                        : 96
rms of residuals      (FIT_STDFIT) = sqrt(WSSR/ndf)    : 44.9451
variance of residuals (reduced chisquare) = WSSR/ndf   : 2020.06

Final set of parameters            Asymptotic Standard Error
=======================            ==========================
a               = -4258.71         +/- 6.503        (0.1527%)
b               = 5635.32          +/- 4.757        (0.08442%)
w               = 31.4733          +/- 0.02076      (0.06597%)
phi             = 3.07199          +/- 0.003188     (0.1038%)

correlation matrix of the fit parameters:
                a      b      w      phi    
a               1.000 
b               0.175  1.000 
w               0.022  0.210  1.000 
phi            -0.023  0.265  0.878  1.000 


*******************************************************************************
Sun Apr 11 01:34:20 2021


FIT:    data read from file
        format = z
        #datapoints = 100
        residuals are weighted equally (unit weight)

function used for fitting: f(x)
	f(x) = a * cos((2*pi*x) / w + phi) + b
fitted parameters initialized with current variable values

iter      chisq       delta/lim  lambda   a             b             w             phi          
   0 9.1516482983e+08   0.00e+00  9.10e+03   -4.258714e+03   5.635322e+03   3.147326e+01   3.071990e+00
   6 2.1373082645e+05  -3.49e-03  9.10e+02   -3.847860e+03   6.040892e+03   4.468365e+01   3.082347e+00

After 6 iterations the fit converged.
final sum of squares of residuals : 213731
rel. change during last iteration : -3.49343e-08

degrees of freedom    (FIT_NDF)                        : 96
rms of residuals      (FIT_STDFIT) = sqrt(WSSR/ndf)    : 47.1843
variance of residuals (reduced chisquare) = WSSR/ndf   : 2226.36

Final set of parameters            Asymptotic Standard Error
=======================            ==========================
a               = -3847.86         +/- 8.999        (0.2339%)
b               = 6040.89          +/- 10.78        (0.1785%)
w               = 44.6836          +/- 0.1065       (0.2383%)
phi             = 3.08235          +/- 0.007879     (0.2556%)

correlation matrix of the fit parameters:
                a      b      w      phi    
a               1.000 
b              -0.612  1.000 
w              -0.626  0.897  1.000 
phi            -0.625  0.882  0.977  1.000 


*******************************************************************************
Sun Apr 11 01:34:56 2021


FIT:    data read from file
        format = z
        #datapoints = 100
        residuals are weighted equally (unit weight)

function used for fitting: f(x)
	f(x) = a * cos((2*pi*x) / w + phi) + b
fitted parameters initialized with current variable values

iter      chisq       delta/lim  lambda   a             b             w             phi          
   0 8.1709929624e+08   0.00e+00  7.36e+03   -3.847860e+03   6.040892e+03   4.468365e+01   3.082347e+00
   6 1.4080120205e+05  -1.11e-03  7.36e-03   -2.496790e+03   7.405429e+03   7.219118e+01   3.113107e+00

After 6 iterations the fit converged.
final sum of squares of residuals : 140801
rel. change during last iteration : -1.10954e-08

degrees of freedom    (FIT_NDF)                        : 96
rms of residuals      (FIT_STDFIT) = sqrt(WSSR/ndf)    : 38.2972
variance of residuals (reduced chisquare) = WSSR/ndf   : 1466.68

Final set of parameters            Asymptotic Standard Error
=======================            ==========================
a               = -2496.79         +/- 7.921        (0.3173%)
b               = 7405.43          +/- 7.689        (0.1038%)
w               = 72.1912          +/- 0.4225       (0.5852%)
phi             = 3.11311          +/- 0.01186      (0.381%)

correlation matrix of the fit parameters:
                a      b      w      phi    
a               1.000 
b              -0.457  1.000 
w              -0.742  0.425  1.000 
phi            -0.745  0.661  0.937  1.000 


*******************************************************************************
Sun Apr 11 01:35:46 2021


FIT:    data read from file
        format = z
        #datapoints = 100
        residuals are weighted equally (unit weight)

function used for fitting: f(x)
	f(x) = a * cos((2*pi*x) / w + phi) + b
fitted parameters initialized with current variable values

iter      chisq       delta/lim  lambda   a             b             w             phi          
   0 1.7729609270e+05   0.00e+00  4.84e+03   -2.496790e+03   7.405429e+03   7.219118e+01   3.113107e+00
   3 1.6217349194e+05  -3.19e-03  4.84e+00   -2.506181e+03   7.397552e+03   7.200740e+01   3.109117e+00

After 3 iterations the fit converged.
final sum of squares of residuals : 162173
rel. change during last iteration : -3.19264e-08

degrees of freedom    (FIT_NDF)                        : 96
rms of residuals      (FIT_STDFIT) = sqrt(WSSR/ndf)    : 41.1012
variance of residuals (reduced chisquare) = WSSR/ndf   : 1689.31

Final set of parameters            Asymptotic Standard Error
=======================            ==========================
a               = -2506.18         +/- 8.429        (0.3363%)
b               = 7397.55          +/- 8.209        (0.111%)
w               = 72.0074          +/- 0.4472       (0.6211%)
phi             = 3.10912          +/- 0.01262      (0.406%)

correlation matrix of the fit parameters:
                a      b      w      phi    
a               1.000 
b              -0.456  1.000 
w              -0.737  0.425  1.000 
phi            -0.740  0.661  0.937  1.000 


*******************************************************************************
Sun Apr 11 01:36:26 2021


FIT:    data read from file
        format = z
        #datapoints = 100
        residuals are weighted equally (unit weight)

function used for fitting: f(x)
	f(x) = a * cos((2*pi*x) / w + phi) + b
fitted parameters initialized with current variable values

iter      chisq       delta/lim  lambda   a             b             w             phi          
   0 8.1470442979e+08   0.00e+00  4.84e+03   -2.506181e+03   7.397552e+03   7.200740e+01   3.109117e+00
   9 2.2593468660e+05  -2.15e-02  4.84e-02   -3.846185e+03   6.056665e+03   4.486627e+01   3.098601e+00

After 9 iterations the fit converged.
final sum of squares of residuals : 225935
rel. change during last iteration : -2.14551e-07

degrees of freedom    (FIT_NDF)                        : 96
rms of residuals      (FIT_STDFIT) = sqrt(WSSR/ndf)    : 48.5127
variance of residuals (reduced chisquare) = WSSR/ndf   : 2353.49

Final set of parameters            Asymptotic Standard Error
=======================            ==========================
a               = -3846.18         +/- 9.42         (0.2449%)
b               = 6056.67          +/- 11.32        (0.1868%)
w               = 44.8663          +/- 0.1121       (0.2497%)
phi             = 3.0986           +/- 0.008215     (0.2651%)

correlation matrix of the fit parameters:
                a      b      w      phi    
a               1.000 
b              -0.628  1.000 
w              -0.640  0.901  1.000 
phi            -0.639  0.887  0.978  1.000 


*******************************************************************************
Sun Apr 11 01:37:07 2021


FIT:    data read from file
        format = z
        #datapoints = 100
        residuals are weighted equally (unit weight)

function used for fitting: f(x)
	f(x) = a * cos((2*pi*x) / w + phi) + b
fitted parameters initialized with current variable values

iter      chisq       delta/lim  lambda   a             b             w             phi          
   0 9.0744826977e+08   0.00e+00  7.36e+03   -3.846185e+03   6.056665e+03   4.486627e+01   3.098601e+00
  18 1.2593595511e+05  -1.24e-03  7.36e-02   -4.277851e+03   5.625049e+03   3.148824e+01   3.070590e+00

After 18 iterations the fit converged.
final sum of squares of residuals : 125936
rel. change during last iteration : -1.23647e-08

degrees of freedom    (FIT_NDF)                        : 96
rms of residuals      (FIT_STDFIT) = sqrt(WSSR/ndf)    : 36.2192
variance of residuals (reduced chisquare) = WSSR/ndf   : 1311.83

Final set of parameters            Asymptotic Standard Error
=======================            ==========================
a               = -4277.85         +/- 5.239        (0.1225%)
b               = 5625.05          +/- 3.835        (0.06817%)
w               = 31.4882          +/- 0.0167       (0.05302%)
phi             = 3.07059          +/- 0.00256      (0.08337%)

correlation matrix of the fit parameters:
                a      b      w      phi    
a               1.000 
b               0.176  1.000 
w               0.023  0.211  1.000 
phi            -0.022  0.266  0.878  1.000 


*******************************************************************************
Sun Apr 11 01:37:37 2021


FIT:    data read from file
        format = z
        #datapoints = 100
        residuals are weighted equally (unit weight)

function used for fitting: f(x)
	f(x) = a * cos((2*pi*x) / w + phi) + b
fitted parameters initialized with current variable values

iter      chisq       delta/lim  lambda   a             b             w             phi          
   0 1.4881540471e+09   0.00e+00  9.12e+03   -4.277851e+03   5.625049e+03   3.148824e+01   3.070590e+00
   7 1.6367460313e+05  -1.94e-04  9.12e-02   -4.437529e+03   5.455862e+03   2.411126e+01   3.049244e+00

After 7 iterations the fit converged.
final sum of squares of residuals : 163675
rel. change during last iteration : -1.93999e-09

degrees of freedom    (FIT_NDF)                        : 96
rms of residuals      (FIT_STDFIT) = sqrt(WSSR/ndf)    : 41.291
variance of residuals (reduced chisquare) = WSSR/ndf   : 1704.94

Final set of parameters            Asymptotic Standard Error
=======================            ==========================
a               = -4437.53         +/- 5.732        (0.1292%)
b               = 5455.86          +/- 4.293        (0.07868%)
w               = 24.1113          +/- 0.01175      (0.04873%)
phi             = 3.04924          +/- 0.002875     (0.0943%)

correlation matrix of the fit parameters:
                a      b      w      phi    
a               1.000 
b              -0.112  1.000 
w              -0.066  0.136  1.000 
phi            -0.099  0.226  0.875  1.000 


*******************************************************************************
Sun Apr 11 01:39:01 2021


FIT:    data read from file
        format = z
        #datapoints = 100
        residuals are weighted equally (unit weight)

function used for fitting: f(x)
	f(x) = a * cos((2*pi*x) / w + phi) + b
fitted parameters initialized with current variable values

iter      chisq       delta/lim  lambda   a             b             w             phi          
   0 1.6008527502e+09   0.00e+00  1.05e+04   -4.437529e+03   5.455862e+03   2.411126e+01   3.049244e+00
   7 1.4939764002e+05  -2.79e-02  1.05e-01   -4.503719e+03   5.378610e+03   1.948348e+01   3.022499e+00

After 7 iterations the fit converged.
final sum of squares of residuals : 149398
rel. change during last iteration : -2.79401e-07

degrees of freedom    (FIT_NDF)                        : 96
rms of residuals      (FIT_STDFIT) = sqrt(WSSR/ndf)    : 39.449
variance of residuals (reduced chisquare) = WSSR/ndf   : 1556.23

Final set of parameters            Asymptotic Standard Error
=======================            ==========================
a               = -4503.72         +/- 5.534        (0.1229%)
b               = 5378.61          +/- 4.263        (0.07926%)
w               = 19.4835          +/- 0.007499     (0.03849%)
phi             = 3.0225           +/- 0.00277      (0.09164%)

correlation matrix of the fit parameters:
                a      b      w      phi    
a               1.000 
b              -0.001  1.000 
w              -0.122  0.376  1.000 
phi            -0.111  0.336  0.890  1.000 


*******************************************************************************
Sun Apr 11 01:46:34 2021


FIT:    data read from file
        format = z
        #datapoints = 10
        residuals are weighted equally (unit weight)

function used for fitting: f
fitted parameters initialized with current variable values



*******************************************************************************
Sun Apr 11 01:46:38 2021


FIT:    data read from file
        format = z
        #datapoints = 10
        residuals are weighted equally (unit weight)

function used for fitting: f(x)
	f(x) = a*x + b
fitted parameters initialized with current variable values

iter      chisq       delta/lim  lambda   a             b            
   0 1.8292065470e+04   0.00e+00  2.45e-02    5.000000e-02   1.000000e-02
   3 1.0948019919e+04  -5.34e-05  2.45e-05    4.090463e+01   1.662686e-03

After 3 iterations the fit converged.
final sum of squares of residuals : 10948
rel. change during last iteration : -5.33689e-10

degrees of freedom    (FIT_NDF)                        : 8
rms of residuals      (FIT_STDFIT) = sqrt(WSSR/ndf)    : 36.9933
variance of residuals (reduced chisquare) = WSSR/ndf   : 1368.5

Final set of parameters            Asymptotic Standard Error
=======================            ==========================
a               = 40.9046          +/- 17.64        (43.11%)
b               = 0.00166269       +/- 11.7         (7.036e+05%)

correlation matrix of the fit parameters:
                a      b      
a               1.000 
b               0.000  1.000 


*******************************************************************************
Sun Apr 11 01:47:01 2021


FIT:    data read from file u 1:(1/$2)
        format = x:z
        #datapoints = 10
        residuals are weighted equally (unit weight)

function used for fitting: f(x)
	f(x) = a*x + b
fitted parameters initialized with current variable values

iter      chisq       delta/lim  lambda   a             b            
   0 7.3431836426e+03   0.00e+00  1.92e+01    4.090463e+01   1.662686e-03
   7 2.9697158522e-05  -1.98e-03  1.92e-06    5.239567e-02  -7.086895e-06

After 7 iterations the fit converged.
final sum of squares of residuals : 2.96972e-05
rel. change during last iteration : -1.98015e-08

degrees of freedom    (FIT_NDF)                        : 8
rms of residuals      (FIT_STDFIT) = sqrt(WSSR/ndf)    : 0.00192669
variance of residuals (reduced chisquare) = WSSR/ndf   : 3.71214e-06

Final set of parameters            Asymptotic Standard Error
=======================            ==========================
a               = 0.0523957        +/- 0.0009185    (1.753%)
b               = -7.0869e-06      +/- 0.0006093    (8597%)

correlation matrix of the fit parameters:
                a      b      
a               1.000 
b               0.000  1.000 


*******************************************************************************
Sun Apr 11 01:49:39 2021


FIT:    data read from file u 1:(2*pi/$2)
        format = x:z
        #datapoints = 10
        residuals are weighted equally (unit weight)

function used for fitting: f(x)
	f(x) = a*x + b
fitted parameters initialized with current variable values

iter      chisq       delta/lim  lambda   a             b            
   0 3.3833174455e-01   0.00e+00  2.46e-02    5.239567e-02  -7.086895e-06
   3 1.1724106118e-03  -3.59e-02  2.46e-05    3.292117e-01  -7.398797e-06

After 3 iterations the fit converged.
final sum of squares of residuals : 0.00117241
rel. change during last iteration : -3.59239e-07

degrees of freedom    (FIT_NDF)                        : 8
rms of residuals      (FIT_STDFIT) = sqrt(WSSR/ndf)    : 0.0121058
variance of residuals (reduced chisquare) = WSSR/ndf   : 0.000146551

Final set of parameters            Asymptotic Standard Error
=======================            ==========================
a               = 0.329212         +/- 0.005771     (1.753%)
b               = -7.3988e-06      +/- 0.003828     (5.174e+04%)

correlation matrix of the fit parameters:
                a      b      
a               1.000 
b               0.000  1.000 


*******************************************************************************
Sun Apr 11 01:50:19 2021


FIT:    data read from file u 1:(1/$2)
        format = x:z
        #datapoints = 10
        residuals are weighted equally (unit weight)

function used for fitting: f(x)
	f(x) = a*x + b
fitted parameters initialized with current variable values

iter      chisq       delta/lim  lambda   a             b            
   0 3.3718903079e-01   0.00e+00  1.54e-01    3.292117e-01  -7.398797e-06
   3 2.9697159494e-05  -6.43e-01  1.54e-04    5.239567e-02  -7.398725e-06

After 3 iterations the fit converged.
final sum of squares of residuals : 2.96972e-05
rel. change during last iteration : -6.42967e-06

degrees of freedom    (FIT_NDF)                        : 8
rms of residuals      (FIT_STDFIT) = sqrt(WSSR/ndf)    : 0.00192669
variance of residuals (reduced chisquare) = WSSR/ndf   : 3.71214e-06

Final set of parameters            Asymptotic Standard Error
=======================            ==========================
a               = 0.0523957        +/- 0.0009185    (1.753%)
b               = -7.39872e-06     +/- 0.0006093    (8235%)

correlation matrix of the fit parameters:
                a      b      
a               1.000 
b               0.000  1.000 
